 * Serving Flask app 'app'
 * Debug mode: on
WARNING: This is a development server. Do not use it in a production deployment. Use a production WSGI server instead.
 * Running on http://127.0.0.1:5000
Press CTRL+C to quit
 * Restarting with stat
 * Debugger is active!
 * Debugger PIN: 119-936-695
127.0.0.1 - - [17/Dec/2025 17:12:32] "POST /api/register HTTP/1.1" 201 -
 * Detected change in 'C:\\Users\\Admin\\Desktop\\all\\Ucheba\\4kurs\\7semestr\\RPP\\4laba\\labs\\rgz\\app.py', reloading
 * Restarting with stat
 * Debugger is active!
 * Debugger PIN: 119-936-695
 * Detected change in 'C:\\Users\\Admin\\Desktop\\all\\Ucheba\\4kurs\\7semestr\\RPP\\4laba\\labs\\rgz\\app.py', reloading
 * Restarting with stat
 * Debugger is active!
 * Debugger PIN: 119-936-695
 * Detected change in 'C:\\Users\\Admin\\Desktop\\all\\Ucheba\\4kurs\\7semestr\\RPP\\4laba\\labs\\rgz\\app.py', reloading
 * Restarting with stat
 * Debugger is active!
 * Debugger PIN: 119-936-695
 * Detected change in 'C:\\Users\\Admin\\Desktop\\all\\Ucheba\\4kurs\\7semestr\\RPP\\4laba\\labs\\rgz\\app.py', reloading
 * Restarting with stat
 * Debugger is active!
 * Debugger PIN: 119-936-695
 * Detected change in 'C:\\Users\\Admin\\Desktop\\all\\Ucheba\\4kurs\\7semestr\\RPP\\4laba\\labs\\rgz\\app.py', reloading
 * Restarting with stat
 * Debugger is active!
 * Debugger PIN: 119-936-695
 * Detected change in 'C:\\Users\\Admin\\Desktop\\all\\Ucheba\\4kurs\\7semestr\\RPP\\4laba\\labs\\rgz\\app.py', reloading
 * Restarting with stat
 * Debugger is active!
 * Debugger PIN: 119-936-695
 * Detected change in 'C:\\Users\\Admin\\Desktop\\all\\Ucheba\\4kurs\\7semestr\\RPP\\4laba\\labs\\rgz\\app.py', reloading
 * Restarting with stat
 * Debugger is active!
 * Debugger PIN: 119-936-695
 * Detected change in 'C:\\Users\\Admin\\Desktop\\all\\Ucheba\\4kurs\\7semestr\\RPP\\4laba\\labs\\rgz\\app.py', reloading
 * Restarting with stat
 * Debugger is active!
 * Debugger PIN: 119-936-695
 * Detected change in 'C:\\Users\\Admin\\Desktop\\all\\Ucheba\\4kurs\\7semestr\\RPP\\4laba\\labs\\rgz\\app.py', reloading
 * Restarting with stat
 * Debugger is active!
 * Debugger PIN: 119-936-695
 * Detected change in 'C:\\Users\\Admin\\Desktop\\all\\Ucheba\\4kurs\\7semestr\\RPP\\4laba\\labs\\rgz\\app.py', reloading
 * Restarting with stat
 * Debugger is active!
 * Debugger PIN: 119-936-695
 * Detected change in 'C:\\Users\\Admin\\Desktop\\all\\Ucheba\\4kurs\\7semestr\\RPP\\4laba\\labs\\rgz\\app.py', reloading
 * Restarting with stat
 * Debugger is active!
 * Debugger PIN: 119-936-695
 * Detected change in 'C:\\Users\\Admin\\Desktop\\all\\Ucheba\\4kurs\\7semestr\\RPP\\4laba\\labs\\rgz\\app.py', reloading
 * Restarting with stat
 * Debugger is active!
 * Debugger PIN: 119-936-695
127.0.0.1 - - [17/Dec/2025 17:24:25] "POST /api/register HTTP/1.1" 201 -
127.0.0.1 - - [17/Dec/2025 17:25:06] "POST /api/login HTTP/1.1" 200 -
127.0.0.1 - - [17/Dec/2025 17:25:31] "POST /api/subscriptions HTTP/1.1" 201 -
127.0.0.1 - - [17/Dec/2025 17:25:52] "GET /api/subscriptions?user_id=1 HTTP/1.1" 200 -
127.0.0.1 - - [17/Dec/2025 17:26:15] "PUT /api/subscriptions/1 HTTP/1.1" 200 -
127.0.0.1 - - [17/Dec/2025 17:26:22] "GET /api/subscriptions?user_id=1 HTTP/1.1" 200 -
127.0.0.1 - - [17/Dec/2025 17:26:42] "DELETE /api/subscriptions/1 HTTP/1.1" 200 -
127.0.0.1 - - [17/Dec/2025 17:30:42] "POST /api/register HTTP/1.1" 201 -
127.0.0.1 - - [17/Dec/2025 17:30:54] "POST /api/subscriptions HTTP/1.1" 201 -
127.0.0.1 - - [17/Dec/2025 17:32:08] "PUT /api/subscriptions/1 HTTP/1.1" 200 -
 * Detected change in 'C:\\Users\\Admin\\Desktop\\all\\Ucheba\\4kurs\\7semestr\\RPP\\4laba\\labs\\rgz\\app.py', reloading
 * Restarting with stat
 * Debugger is active!
 * Debugger PIN: 119-936-695
 * Detected change in 'C:\\Users\\Admin\\Desktop\\all\\Ucheba\\4kurs\\7semestr\\RPP\\4laba\\labs\\rgz\\tests\\test_app.py', reloading
 * Restarting with stat
 * Debugger is active!
 * Debugger PIN: 119-936-695
 * Detected change in 'C:\\Users\\Admin\\Desktop\\all\\Ucheba\\4kurs\\7semestr\\RPP\\4laba\\labs\\rgz\\tests\\test_app.py', reloading
 * Restarting with stat
 * Debugger is active!
 * Debugger PIN: 119-936-695
 * Detected change in 'C:\\Users\\Admin\\Desktop\\all\\Ucheba\\4kurs\\7semestr\\RPP\\4laba\\labs\\rgz\\app.py', reloading
 * Restarting with stat
 * Debugger is active!
 * Debugger PIN: 119-936-695
 * Detected change in 'C:\\Users\\Admin\\Desktop\\all\\Ucheba\\4kurs\\7semestr\\RPP\\4laba\\labs\\rgz\\app.py', reloading
 * Restarting with stat
 * Debugger is active!
 * Debugger PIN: 119-936-695
 * Detected change in 'C:\\Users\\Admin\\Desktop\\all\\Ucheba\\4kurs\\7semestr\\RPP\\4laba\\labs\\rgz\\app.py', reloading
 * Restarting with stat
 * Debugger is active!
 * Debugger PIN: 119-936-695
 * Detected change in 'C:\\Users\\Admin\\Desktop\\all\\Ucheba\\4kurs\\7semestr\\RPP\\4laba\\labs\\rgz\\app.py', reloading
 * Restarting with stat
 * Debugger is active!
 * Debugger PIN: 119-936-695
 * Detected change in 'C:\\Users\\Admin\\Desktop\\all\\Ucheba\\4kurs\\7semestr\\RPP\\4laba\\labs\\rgz\\app.py', reloading
 * Restarting with stat
